<?xml version="1.0" encoding="UTF-8"?>
<!-- Generated by org.testng.reporters.JUnitXMLReporter -->
<testsuite ignored="0" hostname="DESKTOP-GPI2JQ0" failures="1" tests="5" name="Test" time="67.306" errors="0" timestamp="2023-08-24T18:37:59 IST">
  <testcase classname="testCases.TC_001_Login_Test" name="test_login" time="9.437">
    <failure type="java.lang.AssertionError" message="Not getting expected title expected [Pixis AIi] but found [Pixis AI]">
      <![CDATA[java.lang.AssertionError: Not getting expected title expected [Pixis AIi] but found [Pixis AI]
at testCases.TC_001_Login_Test.test_login(TC_001_Login_Test.java:42)
at java.base/java.util.ArrayList.forEach(ArrayList.java:1511)
... Removed 32 stack frames]]>
    </failure>
  </testcase> <!-- test_login -->
  <testcase classname="testCases.TC_002_Login_Test" name="test_login" time="0.514"/>
  <testcase classname="testCases.TC_003_Login_Test" name="test_login" time="0.587"/>
  <testcase classname="testCases.TC_004_Login_Test" name="test_login" time="0.463"/>
  <testcase classname="testCases.TC_005_Login_Test" name="test_login" time="0.143"/>
</testsuite> <!-- Test -->
